<?xml version="1.0" encoding="UTF-8"?>
<!-- Generated by org.testng.reporters.JUnitXMLReporter -->
<testsuite ignored="0" hostname="DESKTOP-SHFQC7C" failures="0" tests="5" name="chromeTest" time="81.179" errors="0" timestamp="2022-07-17T13:13:35 IST">
  <testcase classname="org.practice.TestNG.CreateOrganizationWithIndustryAndTypeTest" name="creOrganization" time="33.551"/>
  <testcase classname="org.practice.TestNG.Contact" name="deleteorganization" time="39.159"/>
  <testcase classname="org.practice.TestNG.ContactswithWipro" name="deleteorganization" time="37.983"/>
  <testcase classname="org.practice.TestNG.ContactswithWipro" name="creOrganization" time="21.882"/>
  <testcase classname="org.practice.TestNG.Contact" name="creOrganization" time="21.248"/>
</testsuite> <!-- chromeTest -->
