<?xml version="1.0" encoding="UTF-8"?>
<!-- Generated by org.testng.reporters.JUnitXMLReporter -->
<testsuite ignored="0" hostname="DESKTOP-SHFQC7C" failures="0" tests="5" name="edgeTest" time="73.558" errors="0" timestamp="2022-07-17T13:14:48 IST">
  <testcase classname="org.practice.TestNG.CreateOrganizationWithIndustryAndTypeTest" name="creOrganization" time="29.563"/>
  <testcase classname="org.practice.TestNG.ContactswithWipro" name="deleteorganization" time="23.567"/>
  <testcase classname="org.practice.TestNG.Contact" name="deleteorganization" time="33.843"/>
  <testcase classname="org.practice.TestNG.Contact" name="creOrganization" time="18.395"/>
  <testcase classname="org.practice.TestNG.ContactswithWipro" name="creOrganization" time="18.269"/>
</testsuite> <!-- edgeTest -->
