<?xml version="1.0" encoding="UTF-8"?>
<!-- Generated by org.testng.reporters.JUnitXMLReporter -->
<testsuite ignored="0" hostname="DESKTOP-SHFQC7C" failures="1" tests="5" name="firefoxTest" time="68.096" errors="0" timestamp="2022-07-17T13:15:56 IST">
  <testcase classname="org.practice.TestNG.CreateOrganizationWithIndustryAndTypeTest" name="creOrganization" time="21.298"/>
  <testcase classname="org.practice.TestNG.ContactswithWipro" name="deleteorganization" time="18.78">
    <failure type="org.openqa.selenium.StaleElementReferenceException" message="The element reference of &amp;lt;a id=&amp;quot;11&amp;quot; href=&amp;quot;javascript:window.close();&amp;quot;&amp;gt; is stale; either the element is no longer attached to the DOM, it is not in the current frame context, or the document has been refreshed
For documentation on this error, please visit: https://selenium.dev/exceptions/#stale_element_reference
Build info: version: &amp;apos;4.2.2&amp;apos;, revision: &amp;apos;683ccb65d6&amp;apos;
System info: host: &amp;apos;DESKTOP-SHFQC7C&amp;apos;, ip: &amp;apos;192.168.59.1&amp;apos;, os.name: &amp;apos;Windows 10&amp;apos;, os.arch: &amp;apos;amd64&amp;apos;, os.version: &amp;apos;10.0&amp;apos;, java.version: &amp;apos;16.0.1&amp;apos;
Driver info: org.openqa.selenium.firefox.FirefoxDriver
Command: [6977b326-6a3f-4552-bdf3-e2a9fa92e088, clickElement {id=893d2c22-d5f3-427b-a212-432d9aab6b6e}]
Capabilities {acceptInsecureCerts: true, browserName: firefox, browserVersion: 102.0.1, moz:accessibilityChecks: false, moz:buildID: 20220705093820, moz:debuggerAddress: localhost:53435, moz:geckodriverVersion: 0.31.0, moz:headless: false, moz:processID: 11776, moz:profile: C:\Users\Admin\AppData\Loca..., moz:shutdownTimeout: 60000, moz:useNonSpecCompliantPointerOrigin: false, moz:webdriverClick: true, moz:windowless: false, pageLoadStrategy: normal, platformName: WINDOWS, platformVersion: 10.0, proxy: Proxy(), se:cdp: ws://localhost:53435/devtoo..., se:cdpVersion: 85.0, setWindowRect: true, strictFileInteractability: false, timeouts: {implicit: 0, pageLoad: 300000, script: 30000}, unhandledPromptBehavior: dismiss and notify}
Element: [[FirefoxDriver: firefox on WINDOWS (6977b326-6a3f-4552-bdf3-e2a9fa92e088)] -&amp;gt; link text: Wiprow]
Session ID: 6977b326-6a3f-4552-bdf3-e2a9fa92e088">
      <![CDATA[org.openqa.selenium.StaleElementReferenceException: The element reference of <a id="11" href="javascript:window.close();"> is stale; either the element is no longer attached to the DOM, it is not in the current frame context, or the document has been refreshed
For documentation on this error, please visit: https://selenium.dev/exceptions/#stale_element_reference
Build info: version: '4.2.2', revision: '683ccb65d6'
System info: host: 'DESKTOP-SHFQC7C', ip: '192.168.59.1', os.name: 'Windows 10', os.arch: 'amd64', os.version: '10.0', java.version: '16.0.1'
Driver info: org.openqa.selenium.firefox.FirefoxDriver
Command: [6977b326-6a3f-4552-bdf3-e2a9fa92e088, clickElement {id=893d2c22-d5f3-427b-a212-432d9aab6b6e}]
Capabilities {acceptInsecureCerts: true, browserName: firefox, browserVersion: 102.0.1, moz:accessibilityChecks: false, moz:buildID: 20220705093820, moz:debuggerAddress: localhost:53435, moz:geckodriverVersion: 0.31.0, moz:headless: false, moz:processID: 11776, moz:profile: C:\Users\Admin\AppData\Loca..., moz:shutdownTimeout: 60000, moz:useNonSpecCompliantPointerOrigin: false, moz:webdriverClick: true, moz:windowless: false, pageLoadStrategy: normal, platformName: WINDOWS, platformVersion: 10.0, proxy: Proxy(), se:cdp: ws://localhost:53435/devtoo..., se:cdpVersion: 85.0, setWindowRect: true, strictFileInteractability: false, timeouts: {implicit: 0, pageLoad: 300000, script: 30000}, unhandledPromptBehavior: dismiss and notify}
Element: [[FirefoxDriver: firefox on WINDOWS (6977b326-6a3f-4552-bdf3-e2a9fa92e088)] -> link text: Wiprow]
Session ID: 6977b326-6a3f-4552-bdf3-e2a9fa92e088
at org.openqa.selenium.remote.codec.w3c.W3CHttpResponseCodec.createException(W3CHttpResponseCodec.java:200)
at org.openqa.selenium.remote.codec.w3c.W3CHttpResponseCodec.decode(W3CHttpResponseCodec.java:133)
at org.openqa.selenium.remote.codec.w3c.W3CHttpResponseCodec.decode(W3CHttpResponseCodec.java:53)
at org.openqa.selenium.remote.HttpCommandExecutor.execute(HttpCommandExecutor.java:184)
at org.openqa.selenium.remote.service.DriverCommandExecutor.invokeExecute(DriverCommandExecutor.java:167)
at org.openqa.selenium.remote.service.DriverCommandExecutor.execute(DriverCommandExecutor.java:142)
at org.openqa.selenium.remote.RemoteWebDriver.execute(RemoteWebDriver.java:588)
at org.openqa.selenium.remote.RemoteWebElement.execute(RemoteWebElement.java:257)
at org.openqa.selenium.remote.RemoteWebElement.click(RemoteWebElement.java:78)
at org.practice.TestNG.ContactswithWipro.deleteorganization(ContactswithWipro.java:26)
at java.base/java.util.concurrent.ThreadPoolExecutor.runWorker(ThreadPoolExecutor.java:1130)
at java.base/java.util.concurrent.ThreadPoolExecutor$Worker.run(ThreadPoolExecutor.java:630)
at java.base/java.lang.Thread.run(Thread.java:831)
... Removed 17 stack frames]]>
    </failure>
  </testcase> <!-- deleteorganization -->
  <testcase classname="org.practice.TestNG.ContactswithWipro" name="creOrganization" time="0.0">
    <skipped/>
  </testcase> <!-- creOrganization -->
  <testcase classname="org.practice.TestNG.Contact" name="deleteorganization" time="26.389"/>
  <testcase classname="org.practice.TestNG.Contact" name="creOrganization" time="13.823"/>
</testsuite> <!-- firefoxTest -->
