<?xml version="1.0" encoding="UTF-8"?>
<!-- Generated by org.testng.reporters.JUnitXMLReporter -->
<testsuite ignored="0" hostname="DESKTOP-SHFQC7C" failures="0" tests="3" name="Test2" time="50.095" errors="0" timestamp="2022-07-17T12:46:34 IST">
  <testcase classname="org.practice.TestNG.CreateOrganizationWithIndustryAndTypeTest" name="creOrganization" time="22.171"/>
  <testcase classname="org.practice.TestNG.ContactswithWipro" name="deleteorganization" time="24.772"/>
  <testcase classname="org.practice.TestNG.ContactswithWipro" name="creOrganization" time="12.814"/>
</testsuite> <!-- Test2 -->
