<?xml version="1.0" encoding="UTF-8"?>
<!-- Generated by org.testng.reporters.JUnitXMLReporter -->
<testsuite hostname="DESKTOP-10QAI0L" ignored="0" name="Testfirefox" tests="1" failures="0" timestamp="2022-07-23T14:57:13 IST" time="0.043" errors="0">
  <testcase name="@BeforeMethod login" time="0.001" classname="org.yantra.genericUtility.BaseClass">
    <failure type="java.lang.NullPointerException">
      <![CDATA[java.lang.NullPointerException
at org.yantra.genericUtility.BaseClass.login(BaseClass.java:58)
at java.util.concurrent.ThreadPoolExecutor.runWorker(ThreadPoolExecutor.java:1149)
at java.util.concurrent.ThreadPoolExecutor$Worker.run(ThreadPoolExecutor.java:624)
at java.lang.Thread.run(Thread.java:748)
... Removed 16 stack frames]]>
    </failure>
  </testcase> <!-- @BeforeMethod login -->
  <testcase name="@AfterClass classTearDown" time="0.001" classname="org.yantra.genericUtility.BaseClass">
    <failure type="java.lang.NullPointerException">
      <![CDATA[java.lang.NullPointerException
at org.yantra.genericUtility.BaseClass.classTearDown(BaseClass.java:75)
at java.util.concurrent.ThreadPoolExecutor.runWorker(ThreadPoolExecutor.java:1149)
at java.util.concurrent.ThreadPoolExecutor$Worker.run(ThreadPoolExecutor.java:624)
at java.lang.Thread.run(Thread.java:748)
... Removed 10 stack frames]]>
    </failure>
  </testcase> <!-- @AfterClass classTearDown -->
  <testcase name="deleteorganization" time="0.0" classname="org.practice.TestNG.Contact">
    <skipped/>
  </testcase> <!-- deleteorganization -->
</testsuite> <!-- Testfirefox -->
