<?xml version="1.0" encoding="UTF-8"?>
<testng-results ignored="0" total="1" passed="1" failed="0" skipped="0">
  <reporter-output>
    <line>
      <![CDATA[Organization  with Industry and type creation is Validated]]>
    </line>
    <line>
      <![CDATA[Organization  with Industry and type creation is not Validated]]>
    </line>
  </reporter-output>
  <suite started-at="2022-07-17T22:35:05 IST" name="Default suite" finished-at="2022-07-17T22:35:27 IST" duration-ms="22804">
    <groups>
    </groups>
    <test started-at="2022-07-17T22:35:05 IST" name="Default test" finished-at="2022-07-17T22:35:27 IST" duration-ms="22804">
      <class name="org.practice.TestNG.CreateOrganizationWithIndustryAndTypeTest">
        <test-method is-config="true" signature="classSetup()[pri:0, instance:org.practice.TestNG.CreateOrganizationWithIndustryAndTypeTest@4f80542f]" started-at="2022-07-17T22:35:05 IST" name="classSetup" finished-at="2022-07-17T22:35:11 IST" duration-ms="5858" status="PASS">
          <reporter-output>
          </reporter-output>
        </test-method> <!-- classSetup -->
        <test-method is-config="true" signature="login()[pri:0, instance:org.practice.TestNG.CreateOrganizationWithIndustryAndTypeTest@4f80542f]" started-at="2022-07-17T22:35:11 IST" name="login" finished-at="2022-07-17T22:35:13 IST" duration-ms="2735" status="PASS">
          <reporter-output>
          </reporter-output>
        </test-method> <!-- login -->
        <test-method signature="creOrganization()[pri:0, instance:org.practice.TestNG.CreateOrganizationWithIndustryAndTypeTest@4f80542f]" started-at="2022-07-17T22:35:13 IST" name="creOrganization" finished-at="2022-07-17T22:35:27 IST" duration-ms="13807" status="PASS">
          <reporter-output>
            <line>
              <![CDATA[Organization  with Industry and type creation is Validated]]>
            </line>
            <line>
              <![CDATA[Organization  with Industry and type creation is not Validated]]>
            </line>
          </reporter-output>
        </test-method> <!-- creOrganization -->
        <test-method is-config="true" signature="methodTearDown()[pri:0, instance:org.practice.TestNG.CreateOrganizationWithIndustryAndTypeTest@4f80542f]" started-at="2022-07-17T22:35:27 IST" name="methodTearDown" finished-at="2022-07-17T22:35:27 IST" duration-ms="0" status="PASS">
          <reporter-output>
          </reporter-output>
        </test-method> <!-- methodTearDown -->
        <test-method is-config="true" signature="classTearDown()[pri:0, instance:org.practice.TestNG.CreateOrganizationWithIndustryAndTypeTest@4f80542f]" started-at="2022-07-17T22:35:27 IST" name="classTearDown" finished-at="2022-07-17T22:35:27 IST" duration-ms="325" status="PASS">
          <reporter-output>
          </reporter-output>
        </test-method> <!-- classTearDown -->
      </class> <!-- org.practice.TestNG.CreateOrganizationWithIndustryAndTypeTest -->
    </test> <!-- Default test -->
  </suite> <!-- Default suite -->
</testng-results>
